<?xml version="1.0" encoding="UTF-8"?>
<!-- Generated by org.testng.reporters.JUnitXMLReporter -->
<testsuite hostname="DESKTOP-O1UESDN" name="TRM Application Regaression Testing" tests="6" failures="1" timestamp="26 Jun 2020 11:58:45 GMT" time="74.411" errors="0">
  <testcase name="loginPageTitleTest" time="0.08" classname="com.tvd.trm.testcases.TRMLoginPageTest">
    <skipped/>
  </testcase> <!-- loginPageTitleTest -->
  <testcase name="loginPageTitleTest" time="0.005" classname="com.tvd.trm.testcases.TRMLoginPageTest">
    <skipped/>
  </testcase> <!-- loginPageTitleTest -->
  <testcase name="loginPageTitleTest" time="0.008" classname="com.tvd.trm.testcases.TRMLoginPageTest">
    <failure type="java.lang.AssertionError" message="Login title not matched expected [Logi Page] but found [Login Page]">
      <![CDATA[java.lang.AssertionError: Login title not matched expected [Logi Page] but found [Login Page]
	at com.tvd.trm.testcases.TRMLoginPageTest.loginPageTitleTest(TRMLoginPageTest.java:32)
... Removed 29 stack frames]]>
    </failure>
  </testcase> <!-- loginPageTitleTest -->
  <testcase name="hescomLogoTest" time="0.066" classname="com.tvd.trm.testcases.TRMLoginPageTest"/>
  <testcase name="rapdrpTextTest" time="0.169" classname="com.tvd.trm.testcases.TRMLoginPageTest"/>
  <testcase name="trmLoginTest" time="2.548" classname="com.tvd.trm.testcases.TRMLoginPageTest"/>
</testsuite> <!-- TRM Application Regaression Testing -->
