<?xml version="1.0" encoding="UTF-8"?>
<!-- Generated by org.testng.reporters.JUnitXMLReporter -->
<testsuite hostname="DESKTOP-O1UESDN" name="Default test" tests="1" failures="0" timestamp="10 Jun 2020 11:03:33 GMT" time="0.013" errors="0">
  <testcase name="@BeforeMethod setUp" time="0.0" classname="com.tvd.trm.testcases.TRMHomePageTest">
    <skipped/>
  </testcase> <!-- @BeforeMethod setUp -->
  <testcase name="@AfterMethod teardown" time="0.0" classname="com.tvd.trm.testcases.TRMHomePageTest">
    <skipped/>
  </testcase> <!-- @AfterMethod teardown -->
  <testcase name="validateUsernameTest" time="0.002" classname="com.tvd.trm.testcases.TRMHomePageTest">
    <skipped/>
  </testcase> <!-- validateUsernameTest -->
</testsuite> <!-- Default test -->
