<?xml version="1.0" encoding="UTF-8"?>
<!-- Generated by org.testng.reporters.JUnitXMLReporter -->
<testsuite hostname="DESKTOP-O1UESDN" name="Default test" tests="4" failures="0" timestamp="20 Jun 2020 07:13:43 GMT" time="31.089" errors="0">
  <testcase name="setUp" time="16.724" classname="com.tvd.trm.testcases.TRMManualCollEntryTest"/>
  <testcase name="validateradiobtn" time="0.06" classname="com.tvd.trm.testcases.TRMManualCollEntryTest"/>
  <testcase name="enterdetails" time="6.562" classname="com.tvd.trm.testcases.TRMManualCollEntryTest"/>
  <testcase name="enterdetails" time="7.019" classname="com.tvd.trm.testcases.TRMManualCollEntryTest"/>
</testsuite> <!-- Default test -->
